# JRE version: OpenJDK Runtime Environment Temurin-17.0.4.1+1 (17.0.4.1+1) (build 17.0.4.1+1)
# Java VM: OpenJDK 64-Bit Server VM Temurin-17.0.4.1+1 (17.0.4.1+1, mixed mode, tiered, compressed oops, compressed class ptrs, parallel gc, windows-amd64)
GC Precious Log:
 CPUs: 16 total, 16 available
 Memory: 7365M
 Large Page Support: Disabled
 NUMA Support: Disabled
 Compressed Oops: Enabled (32-bit)
 Alignments: Space 512K, Generation 512K, Heap 2M
 Heap Min Capacity: 100M
 Heap Initial Capacity: 100M
 Heap Max Capacity: 1G
 Pre-touch: Disabled
 Parallel Workers: 13
Heap:
 PSYoungGen      total 14336K, used 3573K [0x00000000eab00000, 0x00000000ebc80000, 0x0000000100000000)
  eden space 10752K, 0% used [0x00000000eab00000,0x00000000eab00000,0x00000000eb580000)
  from space 3584K, 99% used [0x00000000eb900000,0x00000000ebc7d400,0x00000000ebc80000)
  to   space 3584K, 0% used [0x00000000eb580000,0x00000000eb580000,0x00000000eb900000)
 ParOldGen       total 286720K, used 286348K [0x00000000c0000000, 0x00000000d1800000, 0x00000000eab00000)
  object space 286720K, 99% used [0x00000000c0000000,0x00000000d17a3230,0x00000000d1800000)
 Metaspace       used 55901K, committed 56704K, reserved 1105920K
  class space    used 6004K, committed 6336K, reserved 1048576K
GC Heap History (20 events):
Event: 46.705 GC heap after
{Heap after GC invocations=207 (full 11):
 PSYoungGen      total 15360K, used 1904K [0x00000000eab00000, 0x00000000ec800000, 0x0000000100000000)
  eden space 11264K, 0% used [0x00000000eab00000,0x00000000eab00000,0x00000000eb600000)
  from space 4096K, 46% used [0x00000000ebf00000,0x00000000ec0dc010,0x00000000ec300000)
  to   space 9216K, 0% used [0x00000000eb600000,0x00000000eb600000,0x00000000ebf00000)
 ParOldGen       total 286208K, used 251435K [0x00000000c0000000, 0x00000000d1780000, 0x00000000eab00000)
  object space 286208K, 87% used [0x00000000c0000000,0x00000000cf58ae98,0x00000000d1780000)
 Metaspace       used 54848K, committed 55744K, reserved 1105920K
  class space    used 5821K, committed 6208K, reserved 1048576K
}
Event: 46.720 GC heap before
{Heap before GC invocations=208 (full 11):
 PSYoungGen      total 15360K, used 13168K [0x00000000eab00000, 0x00000000ec800000, 0x0000000100000000)
  eden space 11264K, 100% used [0x00000000eab00000,0x00000000eb600000,0x00000000eb600000)
  from space 4096K, 46% used [0x00000000ebf00000,0x00000000ec0dc010,0x00000000ec300000)
  to   space 9216K, 0% used [0x00000000eb600000,0x00000000eb600000,0x00000000ebf00000)
 ParOldGen       total 286208K, used 251435K [0x00000000c0000000, 0x00000000d1780000, 0x00000000eab00000)
  object space 286208K, 87% used [0x00000000c0000000,0x00000000cf58ae98,0x00000000d1780000)
 Metaspace       used 54855K, committed 55744K, reserved 1105920K
  class space    used 5822K, committed 6208K, reserved 1048576K
}
Event: 46.731 GC heap after
{Heap after GC invocations=208 (full 11):
 PSYoungGen      total 15872K, used 4377K [0x00000000eab00000, 0x00000000ec200000, 0x0000000100000000)
  eden space 11264K, 0% used [0x00000000eab00000,0x00000000eab00000,0x00000000eb600000)
  from space 4608K, 94% used [0x00000000eb600000,0x00000000eba46598,0x00000000eba80000)
  to   space 6144K, 0% used [0x00000000ebc00000,0x00000000ebc00000,0x00000000ec200000)
 ParOldGen       total 286208K, used 253401K [0x00000000c0000000, 0x00000000d1780000, 0x00000000eab00000)
  object space 286208K, 88% used [0x00000000c0000000,0x00000000cf776558,0x00000000d1780000)
 Metaspace       used 54855K, committed 55744K, reserved 1105920K
  class space    used 5822K, committed 6208K, reserved 1048576K
}
Event: 46.748 GC heap before
{Heap before GC invocations=209 (full 11):
 PSYoungGen      total 15872K, used 15641K [0x00000000eab00000, 0x00000000ec200000, 0x0000000100000000)
  eden space 11264K, 100% used [0x00000000eab00000,0x00000000eb600000,0x00000000eb600000)
  from space 4608K, 94% used [0x00000000eb600000,0x00000000eba46598,0x00000000eba80000)
  to   space 6144K, 0% used [0x00000000ebc00000,0x00000000ebc00000,0x00000000ec200000)
 ParOldGen       total 286208K, used 253401K [0x00000000c0000000, 0x00000000d1780000, 0x00000000eab00000)
  object space 286208K, 88% used [0x00000000c0000000,0x00000000cf776558,0x00000000d1780000)
 Metaspace       used 54883K, committed 55744K, reserved 1105920K
  class space    used 5829K, committed 6208K, reserved 1048576K
}
Event: 46.753 GC heap after
{Heap after GC invocations=209 (full 11):
 PSYoungGen      total 14848K, used 3558K [0x00000000eab00000, 0x00000000ebf80000, 0x0000000100000000)
  eden space 11264K, 0% used [0x00000000eab00000,0x00000000eab00000,0x00000000eb600000)
  from space 3584K, 99% used [0x00000000ebc00000,0x00000000ebf79908,0x00000000ebf80000)
  to   space 4096K, 0% used [0x00000000eb780000,0x00000000eb780000,0x00000000ebb80000)
 ParOldGen       total 286208K, used 257627K [0x00000000c0000000, 0x00000000d1780000, 0x00000000eab00000)
  object space 286208K, 90% used [0x00000000c0000000,0x00000000cfb96c50,0x00000000d1780000)
 Metaspace       used 54883K, committed 55744K, reserved 1105920K
  class space    used 5829K, committed 6208K, reserved 1048576K
}
Event: 46.769 GC heap before
{Heap before GC invocations=210 (full 11):
 PSYoungGen      total 14848K, used 14822K [0x00000000eab00000, 0x00000000ebf80000, 0x0000000100000000)
  eden space 11264K, 100% used [0x00000000eab00000,0x00000000eb600000,0x00000000eb600000)
  from space 3584K, 99% used [0x00000000ebc00000,0x00000000ebf79908,0x00000000ebf80000)
  to   space 4096K, 0% used [0x00000000eb780000,0x00000000eb780000,0x00000000ebb80000)
 ParOldGen       total 286208K, used 257627K [0x00000000c0000000, 0x00000000d1780000, 0x00000000eab00000)
  object space 286208K, 90% used [0x00000000c0000000,0x00000000cfb96c50,0x00000000d1780000)
 Metaspace       used 54926K, committed 55808K, reserved 1105920K
  class space    used 5835K, committed 6208K, reserved 1048576K
}
Event: 46.772 GC heap after
{Heap after GC invocations=210 (full 11):
 PSYoungGen      total 16896K, used 4000K [0x00000000eab00000, 0x00000000ec080000, 0x0000000100000000)
  eden space 12800K, 0% used [0x00000000eab00000,0x00000000eab00000,0x00000000eb780000)
  from space 4096K, 97% used [0x00000000eb780000,0x00000000ebb68048,0x00000000ebb80000)
  to   space 4608K, 0% used [0x00000000ebc00000,0x00000000ebc00000,0x00000000ec080000)
 ParOldGen       total 286208K, used 261031K [0x00000000c0000000, 0x00000000d1780000, 0x00000000eab00000)
  object space 286208K, 91% used [0x00000000c0000000,0x00000000cfee9c30,0x00000000d1780000)
 Metaspace       used 54926K, committed 55808K, reserved 1105920K
  class space    used 5835K, committed 6208K, reserved 1048576K
}
Event: 46.796 GC heap before
{Heap before GC invocations=211 (full 11):
 PSYoungGen      total 16896K, used 16800K [0x00000000eab00000, 0x00000000ec080000, 0x0000000100000000)
  eden space 12800K, 100% used [0x00000000eab00000,0x00000000eb780000,0x00000000eb780000)
  from space 4096K, 97% used [0x00000000eb780000,0x00000000ebb68048,0x00000000ebb80000)
  to   space 4608K, 0% used [0x00000000ebc00000,0x00000000ebc00000,0x00000000ec080000)
 ParOldGen       total 286208K, used 261031K [0x00000000c0000000, 0x00000000d1780000, 0x00000000eab00000)
  object space 286208K, 91% used [0x00000000c0000000,0x00000000cfee9c30,0x00000000d1780000)
 Metaspace       used 54999K, committed 55872K, reserved 1105920K
  class space    used 5854K, committed 6208K, reserved 1048576K
}
Event: 46.800 GC heap after
{Heap after GC invocations=211 (full 11):
 PSYoungGen      total 12288K, used 4579K [0x00000000eab00000, 0x00000000ecc00000, 0x0000000100000000)
  eden space 7680K, 0% used [0x00000000eab00000,0x00000000eab00000,0x00000000eb280000)
  from space 4608K, 99% used [0x00000000ebc00000,0x00000000ec078d50,0x00000000ec080000)
  to   space 9728K, 0% used [0x00000000eb280000,0x00000000eb280000,0x00000000ebc00000)
 ParOldGen       total 286208K, used 265091K [0x00000000c0000000, 0x00000000d1780000, 0x00000000eab00000)
  object space 286208K, 92% used [0x00000000c0000000,0x00000000d02e0ef0,0x00000000d1780000)
 Metaspace       used 54999K, committed 55872K, reserved 1105920K
  class space    used 5854K, committed 6208K, reserved 1048576K
}
Event: 46.820 GC heap before
{Heap before GC invocations=212 (full 11):
 PSYoungGen      total 12288K, used 12259K [0x00000000eab00000, 0x00000000ecc00000, 0x0000000100000000)
  eden space 7680K, 100% used [0x00000000eab00000,0x00000000eb280000,0x00000000eb280000)
  from space 4608K, 99% used [0x00000000ebc00000,0x00000000ec078d50,0x00000000ec080000)
  to   space 9728K, 0% used [0x00000000eb280000,0x00000000eb280000,0x00000000ebc00000)
 ParOldGen       total 286208K, used 265091K [0x00000000c0000000, 0x00000000d1780000, 0x00000000eab00000)
  object space 286208K, 92% used [0x00000000c0000000,0x00000000d02e0ef0,0x00000000d1780000)
 Metaspace       used 55085K, committed 56000K, reserved 1105920K
  class space    used 5871K, committed 6272K, reserved 1048576K
}
Event: 46.823 GC heap after
{Heap after GC invocations=212 (full 11):
 PSYoungGen      total 10752K, used 2956K [0x00000000eab00000, 0x00000000ebd80000, 0x0000000100000000)
  eden space 7680K, 0% used [0x00000000eab00000,0x00000000eab00000,0x00000000eb280000)
  from space 3072K, 96% used [0x00000000eb280000,0x00000000eb563258,0x00000000eb580000)
  to   space 5120K, 0% used [0x00000000eb880000,0x00000000eb880000,0x00000000ebd80000)
 ParOldGen       total 286208K, used 269544K [0x00000000c0000000, 0x00000000d1780000, 0x00000000eab00000)
  object space 286208K, 94% used [0x00000000c0000000,0x00000000d073a290,0x00000000d1780000)
 Metaspace       used 55085K, committed 56000K, reserved 1105920K
  class space    used 5871K, committed 6272K, reserved 1048576K
}
Event: 46.836 GC heap before
{Heap before GC invocations=213 (full 11):
 PSYoungGen      total 10752K, used 10636K [0x00000000eab00000, 0x00000000ebd80000, 0x0000000100000000)
  eden space 7680K, 100% used [0x00000000eab00000,0x00000000eb280000,0x00000000eb280000)
  from space 3072K, 96% used [0x00000000eb280000,0x00000000eb563258,0x00000000eb580000)
  to   space 5120K, 0% used [0x00000000eb880000,0x00000000eb880000,0x00000000ebd80000)
 ParOldGen       total 286208K, used 269609K [0x00000000c0000000, 0x00000000d1780000, 0x00000000eab00000)
  object space 286208K, 94% used [0x00000000c0000000,0x00000000d074a4c8,0x00000000d1780000)
 Metaspace       used 55163K, committed 56064K, reserved 1105920K
  class space    used 5884K, committed 6272K, reserved 1048576K
}
Event: 46.839 GC heap after
{Heap after GC invocations=213 (full 11):
 PSYoungGen      total 11776K, used 3028K [0x00000000eab00000, 0x00000000ebb80000, 0x0000000100000000)
  eden space 8704K, 0% used [0x00000000eab00000,0x00000000eab00000,0x00000000eb380000)
  from space 3072K, 98% used [0x00000000eb880000,0x00000000ebb75330,0x00000000ebb80000)
  to   space 3584K, 0% used [0x00000000eb480000,0x00000000eb480000,0x00000000eb800000)
 ParOldGen       total 286208K, used 272269K [0x00000000c0000000, 0x00000000d1780000, 0x00000000eab00000)
  object space 286208K, 95% used [0x00000000c0000000,0x00000000d09e37b8,0x00000000d1780000)
 Metaspace       used 55163K, committed 56064K, reserved 1105920K
  class space    used 5884K, committed 6272K, reserved 1048576K
}
Event: 46.858 GC heap before
{Heap before GC invocations=214 (full 11):
 PSYoungGen      total 11776K, used 11732K [0x00000000eab00000, 0x00000000ebb80000, 0x0000000100000000)
  eden space 8704K, 100% used [0x00000000eab00000,0x00000000eb380000,0x00000000eb380000)
  from space 3072K, 98% used [0x00000000eb880000,0x00000000ebb75330,0x00000000ebb80000)
  to   space 3584K, 0% used [0x00000000eb480000,0x00000000eb480000,0x00000000eb800000)
 ParOldGen       total 286208K, used 272663K [0x00000000c0000000, 0x00000000d1780000, 0x00000000eab00000)
  object space 286208K, 95% used [0x00000000c0000000,0x00000000d0a45e38,0x00000000d1780000)
 Metaspace       used 55279K, committed 56128K, reserved 1105920K
  class space    used 5903K, committed 6272K, reserved 1048576K
}
Event: 46.861 GC heap after
{Heap after GC invocations=214 (full 11):
 PSYoungGen      total 13312K, used 3531K [0x00000000eab00000, 0x00000000ebd00000, 0x0000000100000000)
  eden space 9728K, 0% used [0x00000000eab00000,0x00000000eab00000,0x00000000eb480000)
  from space 3584K, 98% used [0x00000000eb480000,0x00000000eb7f2da8,0x00000000eb800000)
  to   space 4096K, 0% used [0x00000000eb900000,0x00000000eb900000,0x00000000ebd00000)
 ParOldGen       total 286208K, used 275584K [0x00000000c0000000, 0x00000000d1780000, 0x00000000eab00000)
  object space 286208K, 96% used [0x00000000c0000000,0x00000000d0d200a0,0x00000000d1780000)
 Metaspace       used 55279K, committed 56128K, reserved 1105920K
  class space    used 5903K, committed 6272K, reserved 1048576K
}
Event: 46.881 GC heap before
{Heap before GC invocations=215 (full 11):
 PSYoungGen      total 13312K, used 13259K [0x00000000eab00000, 0x00000000ebd00000, 0x0000000100000000)
  eden space 9728K, 100% used [0x00000000eab00000,0x00000000eb480000,0x00000000eb480000)
  from space 3584K, 98% used [0x00000000eb480000,0x00000000eb7f2da8,0x00000000eb800000)
  to   space 4096K, 0% used [0x00000000eb900000,0x00000000eb900000,0x00000000ebd00000)
 ParOldGen       total 286208K, used 275584K [0x00000000c0000000, 0x00000000d1780000, 0x00000000eab00000)
  object space 286208K, 96% used [0x00000000c0000000,0x00000000d0d200a0,0x00000000d1780000)
 Metaspace       used 55458K, committed 56256K, reserved 1105920K
  class space    used 5931K, committed 6272K, reserved 1048576K
}
Event: 46.884 GC heap after
{Heap after GC invocations=215 (full 11):
 PSYoungGen      total 14848K, used 3538K [0x00000000eab00000, 0x00000000ebd00000, 0x0000000100000000)
  eden space 10752K, 0% used [0x00000000eab00000,0x00000000eab00000,0x00000000eb580000)
  from space 4096K, 86% used [0x00000000eb900000,0x00000000ebc74a70,0x00000000ebd00000)
  to   space 3584K, 0% used [0x00000000eb580000,0x00000000eb580000,0x00000000eb900000)
 ParOldGen       total 286208K, used 278879K [0x00000000c0000000, 0x00000000d1780000, 0x00000000eab00000)
  object space 286208K, 97% used [0x00000000c0000000,0x00000000d1057d38,0x00000000d1780000)
 Metaspace       used 55458K, committed 56256K, reserved 1105920K
  class space    used 5931K, committed 6272K, reserved 1048576K
}
Event: 46.993 GC heap before
{Heap before GC invocations=216 (full 11):
 PSYoungGen      total 14848K, used 14290K [0x00000000eab00000, 0x00000000ebd00000, 0x0000000100000000)
  eden space 10752K, 100% used [0x00000000eab00000,0x00000000eb580000,0x00000000eb580000)
  from space 4096K, 86% used [0x00000000eb900000,0x00000000ebc74a70,0x00000000ebd00000)
  to   space 3584K, 0% used [0x00000000eb580000,0x00000000eb580000,0x00000000eb900000)
 ParOldGen       total 286208K, used 278879K [0x00000000c0000000, 0x00000000d1780000, 0x00000000eab00000)
  object space 286208K, 97% used [0x00000000c0000000,0x00000000d1057d38,0x00000000d1780000)
 Metaspace       used 55855K, committed 56704K, reserved 1105920K
  class space    used 6000K, committed 6336K, reserved 1048576K
}
Event: 46.997 GC heap after
{Heap after GC invocations=216 (full 11):
 PSYoungGen      total 14336K, used 2890K [0x00000000eab00000, 0x00000000ebc80000, 0x0000000100000000)
  eden space 10752K, 0% used [0x00000000eab00000,0x00000000eab00000,0x00000000eb580000)
  from space 3584K, 80% used [0x00000000eb580000,0x00000000eb852858,0x00000000eb900000)
  to   space 3584K, 0% used [0x00000000eb900000,0x00000000eb900000,0x00000000ebc80000)
 ParOldGen       total 286208K, used 282195K [0x00000000c0000000, 0x00000000d1780000, 0x00000000eab00000)
  object space 286208K, 98% used [0x00000000c0000000,0x00000000d1394e90,0x00000000d1780000)
 Metaspace       used 55855K, committed 56704K, reserved 1105920K
  class space    used 6000K, committed 6336K, reserved 1048576K
}
Event: 47.133 GC heap before
{Heap before GC invocations=217 (full 11):
 PSYoungGen      total 14336K, used 13582K [0x00000000eab00000, 0x00000000ebc80000, 0x0000000100000000)
  eden space 10752K, 99% used [0x00000000eab00000,0x00000000eb5712f8,0x00000000eb580000)
  from space 3584K, 80% used [0x00000000eb580000,0x00000000eb852858,0x00000000eb900000)
  to   space 3584K, 0% used [0x00000000eb900000,0x00000000eb900000,0x00000000ebc80000)
 ParOldGen       total 286208K, used 282195K [0x00000000c0000000, 0x00000000d1780000, 0x00000000eab00000)
  object space 286208K, 98% used [0x00000000c0000000,0x00000000d1394e90,0x00000000d1780000)
 Metaspace       used 55901K, committed 56704K, reserved 1105920K
  class space    used 6004K, committed 6336K, reserved 1048576K
}

