# JRE version: OpenJDK Runtime Environment Temurin-17.0.4.1+1 (17.0.4.1+1) (build 17.0.4.1+1)
# Java VM: OpenJDK 64-Bit Server VM Temurin-17.0.4.1+1 (17.0.4.1+1, mixed mode, tiered, compressed oops, compressed class ptrs, parallel gc, windows-amd64)
GC Precious Log:
 CPUs: 16 total, 16 available
 Memory: 7365M
 Large Page Support: Disabled
 NUMA Support: Disabled
 Compressed Oops: Enabled (32-bit)
 Alignments: Space 512K, Generation 512K, Heap 2M
 Heap Min Capacity: 100M
 Heap Initial Capacity: 100M
 Heap Max Capacity: 1G
 Pre-touch: Disabled
 Parallel Workers: 13
Heap:
 PSYoungGen      total 24064K, used 13981K [0x00000000eab00000, 0x00000000ec580000, 0x0000000100000000)
  eden space 22016K, 54% used [0x00000000eab00000,0x00000000eb6b7470,0x00000000ec080000)
  from space 2048K, 96% used [0x00000000ec380000,0x00000000ec570000,0x00000000ec580000)
  to   space 2560K, 0% used [0x00000000ec080000,0x00000000ec080000,0x00000000ec300000)
 ParOldGen       total 68608K, used 21470K [0x00000000c0000000, 0x00000000c4300000, 0x00000000eab00000)
  object space 68608K, 31% used [0x00000000c0000000,0x00000000c14f7970,0x00000000c4300000)
 Metaspace       used 37620K, committed 38336K, reserved 1089536K
  class space    used 3789K, committed 4096K, reserved 1048576K
GC Heap History (20 events):
Event: 7.544 GC heap before
{Heap before GC invocations=7 (full 1):
 PSYoungGen      total 25600K, used 25376K [0x00000000eab00000, 0x00000000ec880000, 0x0000000100000000)
  eden space 25088K, 100% used [0x00000000eab00000,0x00000000ec380000,0x00000000ec380000)
  from space 512K, 56% used [0x00000000ec400000,0x00000000ec448000,0x00000000ec480000)
  to   space 2560K, 0% used [0x00000000ec600000,0x00000000ec600000,0x00000000ec880000)
 ParOldGen       total 68608K, used 8565K [0x00000000c0000000, 0x00000000c4300000, 0x00000000eab00000)
  object space 68608K, 12% used [0x00000000c0000000,0x00000000c085d7c8,0x00000000c4300000)
 Metaspace       used 27582K, committed 27968K, reserved 1081344K
  class space    used 2641K, committed 2816K, reserved 1048576K
}
Event: 7.545 GC heap after
{Heap after GC invocations=7 (full 1):
 PSYoungGen      total 26112K, used 1035K [0x00000000eab00000, 0x00000000ec780000, 0x0000000100000000)
  eden space 24576K, 0% used [0x00000000eab00000,0x00000000eab00000,0x00000000ec300000)
  from space 1536K, 67% used [0x00000000ec600000,0x00000000ec702f48,0x00000000ec780000)
  to   space 1536K, 0% used [0x00000000ec480000,0x00000000ec480000,0x00000000ec600000)
 ParOldGen       total 68608K, used 8573K [0x00000000c0000000, 0x00000000c4300000, 0x00000000eab00000)
  object space 68608K, 12% used [0x00000000c0000000,0x00000000c085f7c8,0x00000000c4300000)
 Metaspace       used 27582K, committed 27968K, reserved 1081344K
  class space    used 2641K, committed 2816K, reserved 1048576K
}
Event: 8.566 GC heap before
{Heap before GC invocations=8 (full 1):
 PSYoungGen      total 26112K, used 25611K [0x00000000eab00000, 0x00000000ec780000, 0x0000000100000000)
  eden space 24576K, 100% used [0x00000000eab00000,0x00000000ec300000,0x00000000ec300000)
  from space 1536K, 67% used [0x00000000ec600000,0x00000000ec702f48,0x00000000ec780000)
  to   space 1536K, 0% used [0x00000000ec480000,0x00000000ec480000,0x00000000ec600000)
 ParOldGen       total 68608K, used 8573K [0x00000000c0000000, 0x00000000c4300000, 0x00000000eab00000)
  object space 68608K, 12% used [0x00000000c0000000,0x00000000c085f7c8,0x00000000c4300000)
 Metaspace       used 32333K, committed 32832K, reserved 1081344K
  class space    used 3224K, committed 3456K, reserved 1048576K
}
Event: 8.568 GC heap after
{Heap after GC invocations=8 (full 1):
 PSYoungGen      total 25600K, used 1531K [0x00000000eab00000, 0x00000000ec680000, 0x0000000100000000)
  eden space 24064K, 0% used [0x00000000eab00000,0x00000000eab00000,0x00000000ec280000)
  from space 1536K, 99% used [0x00000000ec480000,0x00000000ec5fef38,0x00000000ec600000)
  to   space 512K, 0% used [0x00000000ec600000,0x00000000ec600000,0x00000000ec680000)
 ParOldGen       total 68608K, used 8922K [0x00000000c0000000, 0x00000000c4300000, 0x00000000eab00000)
  object space 68608K, 13% used [0x00000000c0000000,0x00000000c08b6bc0,0x00000000c4300000)
 Metaspace       used 32333K, committed 32832K, reserved 1081344K
  class space    used 3224K, committed 3456K, reserved 1048576K
}
Event: 9.013 GC heap before
{Heap before GC invocations=9 (full 1):
 PSYoungGen      total 25600K, used 20702K [0x00000000eab00000, 0x00000000ec680000, 0x0000000100000000)
  eden space 24064K, 79% used [0x00000000eab00000,0x00000000ebdb8b30,0x00000000ec280000)
  from space 1536K, 99% used [0x00000000ec480000,0x00000000ec5fef38,0x00000000ec600000)
  to   space 512K, 0% used [0x00000000ec600000,0x00000000ec600000,0x00000000ec680000)
 ParOldGen       total 68608K, used 8922K [0x00000000c0000000, 0x00000000c4300000, 0x00000000eab00000)
  object space 68608K, 13% used [0x00000000c0000000,0x00000000c08b6bc0,0x00000000c4300000)
 Metaspace       used 35260K, committed 35840K, reserved 1081344K
  class space    used 3538K, committed 3776K, reserved 1048576K
}
Event: 9.014 GC heap after
{Heap after GC invocations=9 (full 1):
 PSYoungGen      total 24576K, used 512K [0x00000000eab00000, 0x00000000ec780000, 0x0000000100000000)
  eden space 24064K, 0% used [0x00000000eab00000,0x00000000eab00000,0x00000000ec280000)
  from space 512K, 100% used [0x00000000ec600000,0x00000000ec680000,0x00000000ec680000)
  to   space 2560K, 0% used [0x00000000ec280000,0x00000000ec280000,0x00000000ec500000)
 ParOldGen       total 68608K, used 10727K [0x00000000c0000000, 0x00000000c4300000, 0x00000000eab00000)
  object space 68608K, 15% used [0x00000000c0000000,0x00000000c0a79cd0,0x00000000c4300000)
 Metaspace       used 35260K, committed 35840K, reserved 1081344K
  class space    used 3538K, committed 3776K, reserved 1048576K
}
Event: 9.014 GC heap before
{Heap before GC invocations=10 (full 2):
 PSYoungGen      total 24576K, used 512K [0x00000000eab00000, 0x00000000ec780000, 0x0000000100000000)
  eden space 24064K, 0% used [0x00000000eab00000,0x00000000eab00000,0x00000000ec280000)
  from space 512K, 100% used [0x00000000ec600000,0x00000000ec680000,0x00000000ec680000)
  to   space 2560K, 0% used [0x00000000ec280000,0x00000000ec280000,0x00000000ec500000)
 ParOldGen       total 68608K, used 10727K [0x00000000c0000000, 0x00000000c4300000, 0x00000000eab00000)
  object space 68608K, 15% used [0x00000000c0000000,0x00000000c0a79cd0,0x00000000c4300000)
 Metaspace       used 35260K, committed 35840K, reserved 1081344K
  class space    used 3538K, committed 3776K, reserved 1048576K
}
Event: 9.028 GC heap after
{Heap after GC invocations=10 (full 2):
 PSYoungGen      total 24576K, used 0K [0x00000000eab00000, 0x00000000ec780000, 0x0000000100000000)
  eden space 24064K, 0% used [0x00000000eab00000,0x00000000eab00000,0x00000000ec280000)
  from space 512K, 0% used [0x00000000ec600000,0x00000000ec600000,0x00000000ec680000)
  to   space 2560K, 0% used [0x00000000ec280000,0x00000000ec280000,0x00000000ec500000)
 ParOldGen       total 68608K, used 10989K [0x00000000c0000000, 0x00000000c4300000, 0x00000000eab00000)
  object space 68608K, 16% used [0x00000000c0000000,0x00000000c0abb440,0x00000000c4300000)
 Metaspace       used 35260K, committed 35840K, reserved 1081344K
  class space    used 3538K, committed 3776K, reserved 1048576K
}
Event: 9.150 GC heap before
{Heap before GC invocations=11 (full 2):
 PSYoungGen      total 24576K, used 24064K [0x00000000eab00000, 0x00000000ec780000, 0x0000000100000000)
  eden space 24064K, 100% used [0x00000000eab00000,0x00000000ec280000,0x00000000ec280000)
  from space 512K, 0% used [0x00000000ec600000,0x00000000ec600000,0x00000000ec680000)
  to   space 2560K, 0% used [0x00000000ec280000,0x00000000ec280000,0x00000000ec500000)
 ParOldGen       total 68608K, used 10989K [0x00000000c0000000, 0x00000000c4300000, 0x00000000eab00000)
  object space 68608K, 16% used [0x00000000c0000000,0x00000000c0abb440,0x00000000c4300000)
 Metaspace       used 36162K, committed 36736K, reserved 1089536K
  class space    used 3638K, committed 3904K, reserved 1048576K
}
Event: 9.151 GC heap after
{Heap after GC invocations=11 (full 2):
 PSYoungGen      total 26112K, used 2176K [0x00000000eab00000, 0x00000000ec700000, 0x0000000100000000)
  eden space 23552K, 0% used [0x00000000eab00000,0x00000000eab00000,0x00000000ec200000)
  from space 2560K, 85% used [0x00000000ec280000,0x00000000ec4a0020,0x00000000ec500000)
  to   space 2048K, 0% used [0x00000000ec500000,0x00000000ec500000,0x00000000ec700000)
 ParOldGen       total 68608K, used 10997K [0x00000000c0000000, 0x00000000c4300000, 0x00000000eab00000)
  object space 68608K, 16% used [0x00000000c0000000,0x00000000c0abd440,0x00000000c4300000)
 Metaspace       used 36162K, committed 36736K, reserved 1089536K
  class space    used 3638K, committed 3904K, reserved 1048576K
}
Event: 9.211 GC heap before
{Heap before GC invocations=12 (full 2):
 PSYoungGen      total 26112K, used 25728K [0x00000000eab00000, 0x00000000ec700000, 0x0000000100000000)
  eden space 23552K, 100% used [0x00000000eab00000,0x00000000ec200000,0x00000000ec200000)
  from space 2560K, 85% used [0x00000000ec280000,0x00000000ec4a0020,0x00000000ec500000)
  to   space 2048K, 0% used [0x00000000ec500000,0x00000000ec500000,0x00000000ec700000)
 ParOldGen       total 68608K, used 10997K [0x00000000c0000000, 0x00000000c4300000, 0x00000000eab00000)
  object space 68608K, 16% used [0x00000000c0000000,0x00000000c0abd440,0x00000000c4300000)
 Metaspace       used 36361K, committed 36992K, reserved 1089536K
  class space    used 3659K, committed 3968K, reserved 1048576K
}
Event: 9.213 GC heap after
{Heap after GC invocations=12 (full 2):
 PSYoungGen      total 24064K, used 2016K [0x00000000eab00000, 0x00000000eca80000, 0x0000000100000000)
  eden space 22016K, 0% used [0x00000000eab00000,0x00000000eab00000,0x00000000ec080000)
  from space 2048K, 98% used [0x00000000ec500000,0x00000000ec6f8020,0x00000000ec700000)
  to   space 4608K, 0% used [0x00000000ec080000,0x00000000ec080000,0x00000000ec500000)
 ParOldGen       total 68608K, used 12885K [0x00000000c0000000, 0x00000000c4300000, 0x00000000eab00000)
  object space 68608K, 18% used [0x00000000c0000000,0x00000000c0c95440,0x00000000c4300000)
 Metaspace       used 36361K, committed 36992K, reserved 1089536K
  class space    used 3659K, committed 3968K, reserved 1048576K
}
Event: 9.250 GC heap before
{Heap before GC invocations=13 (full 2):
 PSYoungGen      total 24064K, used 24032K [0x00000000eab00000, 0x00000000eca80000, 0x0000000100000000)
  eden space 22016K, 100% used [0x00000000eab00000,0x00000000ec080000,0x00000000ec080000)
  from space 2048K, 98% used [0x00000000ec500000,0x00000000ec6f8020,0x00000000ec700000)
  to   space 4608K, 0% used [0x00000000ec080000,0x00000000ec080000,0x00000000ec500000)
 ParOldGen       total 68608K, used 12885K [0x00000000c0000000, 0x00000000c4300000, 0x00000000eab00000)
  object space 68608K, 18% used [0x00000000c0000000,0x00000000c0c95440,0x00000000c4300000)
 Metaspace       used 36420K, committed 37056K, reserved 1089536K
  class space    used 3670K, committed 3968K, reserved 1048576K
}
Event: 9.252 GC heap after
{Heap after GC invocations=13 (full 2):
 PSYoungGen      total 25088K, used 2560K [0x00000000eab00000, 0x00000000ec680000, 0x0000000100000000)
  eden space 22016K, 0% used [0x00000000eab00000,0x00000000eab00000,0x00000000ec080000)
  from space 3072K, 83% used [0x00000000ec080000,0x00000000ec300020,0x00000000ec380000)
  to   space 3072K, 0% used [0x00000000ec380000,0x00000000ec380000,0x00000000ec680000)
 ParOldGen       total 68608K, used 14889K [0x00000000c0000000, 0x00000000c4300000, 0x00000000eab00000)
  object space 68608K, 21% used [0x00000000c0000000,0x00000000c0e8a7b8,0x00000000c4300000)
 Metaspace       used 36420K, committed 37056K, reserved 1089536K
  class space    used 3670K, committed 3968K, reserved 1048576K
}
Event: 9.272 GC heap before
{Heap before GC invocations=14 (full 2):
 PSYoungGen      total 25088K, used 24576K [0x00000000eab00000, 0x00000000ec680000, 0x0000000100000000)
  eden space 22016K, 100% used [0x00000000eab00000,0x00000000ec080000,0x00000000ec080000)
  from space 3072K, 83% used [0x00000000ec080000,0x00000000ec300020,0x00000000ec380000)
  to   space 3072K, 0% used [0x00000000ec380000,0x00000000ec380000,0x00000000ec680000)
 ParOldGen       total 68608K, used 14889K [0x00000000c0000000, 0x00000000c4300000, 0x00000000eab00000)
  object space 68608K, 21% used [0x00000000c0000000,0x00000000c0e8a7b8,0x00000000c4300000)
 Metaspace       used 36420K, committed 37056K, reserved 1089536K
  class space    used 3670K, committed 3968K, reserved 1048576K
}
Event: 9.273 GC heap after
{Heap after GC invocations=14 (full 2):
 PSYoungGen      total 24576K, used 2176K [0x00000000eab00000, 0x00000000ec600000, 0x0000000100000000)
  eden space 22016K, 0% used [0x00000000eab00000,0x00000000eab00000,0x00000000ec080000)
  from space 2560K, 85% used [0x00000000ec380000,0x00000000ec5a0000,0x00000000ec600000)
  to   space 2560K, 0% used [0x00000000ec100000,0x00000000ec100000,0x00000000ec380000)
 ParOldGen       total 68608K, used 17246K [0x00000000c0000000, 0x00000000c4300000, 0x00000000eab00000)
  object space 68608K, 25% used [0x00000000c0000000,0x00000000c10d7960,0x00000000c4300000)
 Metaspace       used 36420K, committed 37056K, reserved 1089536K
  class space    used 3670K, committed 3968K, reserved 1048576K
}
Event: 9.298 GC heap before
{Heap before GC invocations=15 (full 2):
 PSYoungGen      total 24576K, used 24192K [0x00000000eab00000, 0x00000000ec600000, 0x0000000100000000)
  eden space 22016K, 100% used [0x00000000eab00000,0x00000000ec080000,0x00000000ec080000)
  from space 2560K, 85% used [0x00000000ec380000,0x00000000ec5a0000,0x00000000ec600000)
  to   space 2560K, 0% used [0x00000000ec100000,0x00000000ec100000,0x00000000ec380000)
 ParOldGen       total 68608K, used 17246K [0x00000000c0000000, 0x00000000c4300000, 0x00000000eab00000)
  object space 68608K, 25% used [0x00000000c0000000,0x00000000c10d7960,0x00000000c4300000)
 Metaspace       used 36420K, committed 37056K, reserved 1089536K
  class space    used 3670K, committed 3968K, reserved 1048576K
}
Event: 9.300 GC heap after
{Heap after GC invocations=15 (full 2):
 PSYoungGen      total 24576K, used 2304K [0x00000000eab00000, 0x00000000ec580000, 0x0000000100000000)
  eden space 22016K, 0% used [0x00000000eab00000,0x00000000eab00000,0x00000000ec080000)
  from space 2560K, 90% used [0x00000000ec100000,0x00000000ec340010,0x00000000ec380000)
  to   space 2048K, 0% used [0x00000000ec380000,0x00000000ec380000,0x00000000ec580000)
 ParOldGen       total 68608K, used 19230K [0x00000000c0000000, 0x00000000c4300000, 0x00000000eab00000)
  object space 68608K, 28% used [0x00000000c0000000,0x00000000c12c7960,0x00000000c4300000)
 Metaspace       used 36420K, committed 37056K, reserved 1089536K
  class space    used 3670K, committed 3968K, reserved 1048576K
}
Event: 9.321 GC heap before
{Heap before GC invocations=16 (full 2):
 PSYoungGen      total 24576K, used 24320K [0x00000000eab00000, 0x00000000ec580000, 0x0000000100000000)
  eden space 22016K, 100% used [0x00000000eab00000,0x00000000ec080000,0x00000000ec080000)
  from space 2560K, 90% used [0x00000000ec100000,0x00000000ec340010,0x00000000ec380000)
  to   space 2048K, 0% used [0x00000000ec380000,0x00000000ec380000,0x00000000ec580000)
 ParOldGen       total 68608K, used 19230K [0x00000000c0000000, 0x00000000c4300000, 0x00000000eab00000)
  object space 68608K, 28% used [0x00000000c0000000,0x00000000c12c7960,0x00000000c4300000)
 Metaspace       used 36420K, committed 37056K, reserved 1089536K
  class space    used 3670K, committed 3968K, reserved 1048576K
}
Event: 9.323 GC heap after
{Heap after GC invocations=16 (full 2):
 PSYoungGen      total 24064K, used 1984K [0x00000000eab00000, 0x00000000ec580000, 0x0000000100000000)
  eden space 22016K, 0% used [0x00000000eab00000,0x00000000eab00000,0x00000000ec080000)
  from space 2048K, 96% used [0x00000000ec380000,0x00000000ec570000,0x00000000ec580000)
  to   space 2560K, 0% used [0x00000000ec080000,0x00000000ec080000,0x00000000ec300000)
 ParOldGen       total 68608K, used 21470K [0x00000000c0000000, 0x00000000c4300000, 0x00000000eab00000)
  object space 68608K, 31% used [0x00000000c0000000,0x00000000c14f7970,0x00000000c4300000)
 Metaspace       used 36420K, committed 37056K, reserved 1089536K
  class space    used 3670K, committed 3968K, reserved 1048576K
}

